DEBUG:root:./logs/log_20200505175340.log
DEBUG:root:['adr', 'adults', 'agent', 'assigned_room_type', 'babies', 'booking_changes', 'children', 'company', 'country', 'customer_type', 'day_in_waiting_list', 'distribution_channel', 'family_size', 'hotel', 'is_repeated_guest', 'lead_time', 'market_segment', 'meal', 'previous_bookings_not_canceled', 'previous_cancellations', 'required_car_parking_spaces', 'reserved_room_type', 'stays_in_week_nights', 'stays_in_weekend_nights', 'total_of_special_requests']
DEBUG:root:(108785, 25)
DEBUG:root:{'learning_rate': 0.1, 'num_leaves': 8, 'boosting_type': 'gbdt', 'colsample_bytree': 0.65, 'reg_alpha': 1, 'reg_lambda': 1, 'objective': 'multiclass', 'num_class': 2}
DEBUG:main:[30]	valid_0's multi_logloss: 0.381204
DEBUG:main:[60]	valid_0's multi_logloss: 0.343019
DEBUG:main:[90]	valid_0's multi_logloss: 0.327102
DEBUG:main:[120]	valid_0's multi_logloss: 0.318045
DEBUG:main:[150]	valid_0's multi_logloss: 0.311138
DEBUG:main:[180]	valid_0's multi_logloss: 0.306438
DEBUG:main:[210]	valid_0's multi_logloss: 0.302419
DEBUG:main:[240]	valid_0's multi_logloss: 0.298357
DEBUG:main:[270]	valid_0's multi_logloss: 0.295905
DEBUG:main:[300]	valid_0's multi_logloss: 0.293678
DEBUG:main:[330]	valid_0's multi_logloss: 0.291392
DEBUG:main:[360]	valid_0's multi_logloss: 0.289695
DEBUG:main:[390]	valid_0's multi_logloss: 0.288144
DEBUG:main:[420]	valid_0's multi_logloss: 0.286302
DEBUG:main:[450]	valid_0's multi_logloss: 0.284896
DEBUG:main:[480]	valid_0's multi_logloss: 0.283493
DEBUG:main:[510]	valid_0's multi_logloss: 0.281822
DEBUG:main:[540]	valid_0's multi_logloss: 0.280363
DEBUG:main:[570]	valid_0's multi_logloss: 0.279621
DEBUG:main:[600]	valid_0's multi_logloss: 0.278667
DEBUG:main:[630]	valid_0's multi_logloss: 0.277327
DEBUG:main:[660]	valid_0's multi_logloss: 0.276338
DEBUG:main:[690]	valid_0's multi_logloss: 0.275473
DEBUG:main:[720]	valid_0's multi_logloss: 0.274506
DEBUG:main:[750]	valid_0's multi_logloss: 0.273852
DEBUG:main:[780]	valid_0's multi_logloss: 0.273064
DEBUG:main:[810]	valid_0's multi_logloss: 0.272287
DEBUG:main:[840]	valid_0's multi_logloss: 0.271674
DEBUG:main:[870]	valid_0's multi_logloss: 0.271105
DEBUG:main:[900]	valid_0's multi_logloss: 0.27065
DEBUG:main:[930]	valid_0's multi_logloss: 0.269906
DEBUG:main:[960]	valid_0's multi_logloss: 0.26921
DEBUG:main:[990]	valid_0's multi_logloss: 0.268491
DEBUG:main:[1020]	valid_0's multi_logloss: 0.267928
DEBUG:main:[1050]	valid_0's multi_logloss: 0.267338
DEBUG:main:[1080]	valid_0's multi_logloss: 0.266997
DEBUG:main:[1110]	valid_0's multi_logloss: 0.266691
DEBUG:main:[1140]	valid_0's multi_logloss: 0.266447
DEBUG:main:[1170]	valid_0's multi_logloss: 0.26605
DEBUG:main:[1200]	valid_0's multi_logloss: 0.265761
DEBUG:main:[1230]	valid_0's multi_logloss: 0.265319
DEBUG:main:[1260]	valid_0's multi_logloss: 0.265008
DEBUG:main:[1290]	valid_0's multi_logloss: 0.26479
DEBUG:main:[1320]	valid_0's multi_logloss: 0.264432
DEBUG:main:[1350]	valid_0's multi_logloss: 0.264065
DEBUG:main:[1380]	valid_0's multi_logloss: 0.263665
DEBUG:main:[1410]	valid_0's multi_logloss: 0.263276
DEBUG:main:[1440]	valid_0's multi_logloss: 0.262953
DEBUG:main:[1470]	valid_0's multi_logloss: 0.262634
DEBUG:main:[1500]	valid_0's multi_logloss: 0.262406
DEBUG:main:[1530]	valid_0's multi_logloss: 0.262034
DEBUG:main:[1560]	valid_0's multi_logloss: 0.261758
DEBUG:main:[1590]	valid_0's multi_logloss: 0.26166
DEBUG:main:[1620]	valid_0's multi_logloss: 0.261434
DEBUG:main:[1650]	valid_0's multi_logloss: 0.26126
DEBUG:main:[1680]	valid_0's multi_logloss: 0.261062
DEBUG:main:[1710]	valid_0's multi_logloss: 0.260873
DEBUG:main:[1740]	valid_0's multi_logloss: 0.260784
DEBUG:main:[1770]	valid_0's multi_logloss: 0.260641
DEBUG:main:[1800]	valid_0's multi_logloss: 0.260501
DEBUG:root:1797
DEBUG:root:0.26048897878422433
DEBUG:root:{'learning_rate': 0.1, 'num_leaves': 8, 'boosting_type': 'gbdt', 'colsample_bytree': 0.65, 'reg_alpha': 1, 'reg_lambda': 1, 'objective': 'multiclass', 'num_class': 2}
DEBUG:main:[30]	valid_0's multi_logloss: 0.383601
DEBUG:main:[60]	valid_0's multi_logloss: 0.345223
DEBUG:main:[90]	valid_0's multi_logloss: 0.329463
DEBUG:main:[120]	valid_0's multi_logloss: 0.320586
DEBUG:main:[150]	valid_0's multi_logloss: 0.313864
DEBUG:main:[180]	valid_0's multi_logloss: 0.309341
DEBUG:main:[210]	valid_0's multi_logloss: 0.305287
DEBUG:main:[240]	valid_0's multi_logloss: 0.301872
DEBUG:main:[270]	valid_0's multi_logloss: 0.299561
DEBUG:main:[300]	valid_0's multi_logloss: 0.297261
DEBUG:main:[330]	valid_0's multi_logloss: 0.294478
DEBUG:main:[360]	valid_0's multi_logloss: 0.292953
DEBUG:main:[390]	valid_0's multi_logloss: 0.291136
DEBUG:main:[420]	valid_0's multi_logloss: 0.289239
DEBUG:main:[450]	valid_0's multi_logloss: 0.287373
DEBUG:main:[480]	valid_0's multi_logloss: 0.285696
DEBUG:main:[510]	valid_0's multi_logloss: 0.284567
DEBUG:main:[540]	valid_0's multi_logloss: 0.282851
DEBUG:main:[570]	valid_0's multi_logloss: 0.281969
DEBUG:main:[600]	valid_0's multi_logloss: 0.281115
DEBUG:main:[630]	valid_0's multi_logloss: 0.28015
DEBUG:main:[660]	valid_0's multi_logloss: 0.279078
DEBUG:main:[690]	valid_0's multi_logloss: 0.278297
DEBUG:main:[720]	valid_0's multi_logloss: 0.277506
DEBUG:main:[750]	valid_0's multi_logloss: 0.276836
DEBUG:main:[780]	valid_0's multi_logloss: 0.276099
DEBUG:main:[810]	valid_0's multi_logloss: 0.275338
DEBUG:main:[840]	valid_0's multi_logloss: 0.274391
DEBUG:main:[870]	valid_0's multi_logloss: 0.273784
DEBUG:main:[900]	valid_0's multi_logloss: 0.27314
DEBUG:main:[930]	valid_0's multi_logloss: 0.272603
DEBUG:main:[960]	valid_0's multi_logloss: 0.272088
DEBUG:main:[990]	valid_0's multi_logloss: 0.271785
DEBUG:main:[1020]	valid_0's multi_logloss: 0.271265
DEBUG:main:[1050]	valid_0's multi_logloss: 0.270717
DEBUG:main:[1080]	valid_0's multi_logloss: 0.270311
DEBUG:main:[1110]	valid_0's multi_logloss: 0.269909
DEBUG:main:[1140]	valid_0's multi_logloss: 0.269606
DEBUG:main:[1170]	valid_0's multi_logloss: 0.269171
DEBUG:main:[1200]	valid_0's multi_logloss: 0.268926
DEBUG:main:[1230]	valid_0's multi_logloss: 0.268593
DEBUG:main:[1260]	valid_0's multi_logloss: 0.268265
DEBUG:main:[1290]	valid_0's multi_logloss: 0.267974
DEBUG:main:[1320]	valid_0's multi_logloss: 0.26761
DEBUG:main:[1350]	valid_0's multi_logloss: 0.267388
DEBUG:main:[1380]	valid_0's multi_logloss: 0.267159
DEBUG:main:[1410]	valid_0's multi_logloss: 0.266768
DEBUG:main:[1440]	valid_0's multi_logloss: 0.266467
DEBUG:main:[1470]	valid_0's multi_logloss: 0.266171
DEBUG:main:[1500]	valid_0's multi_logloss: 0.265853
DEBUG:main:[1530]	valid_0's multi_logloss: 0.265546
DEBUG:main:[1560]	valid_0's multi_logloss: 0.265338
DEBUG:main:[1590]	valid_0's multi_logloss: 0.264951
DEBUG:main:[1620]	valid_0's multi_logloss: 0.264655
DEBUG:root:1618
DEBUG:root:0.2646436848922826
DEBUG:root:{'learning_rate': 0.1, 'num_leaves': 8, 'boosting_type': 'gbdt', 'colsample_bytree': 0.65, 'reg_alpha': 1, 'reg_lambda': 1, 'objective': 'multiclass', 'num_class': 2}
DEBUG:main:[30]	valid_0's multi_logloss: 0.382279
DEBUG:main:[60]	valid_0's multi_logloss: 0.343885
DEBUG:main:[90]	valid_0's multi_logloss: 0.327553
DEBUG:main:[120]	valid_0's multi_logloss: 0.318229
DEBUG:main:[150]	valid_0's multi_logloss: 0.311542
DEBUG:main:[180]	valid_0's multi_logloss: 0.30684
DEBUG:main:[210]	valid_0's multi_logloss: 0.302967
DEBUG:main:[240]	valid_0's multi_logloss: 0.300145
DEBUG:main:[270]	valid_0's multi_logloss: 0.297497
DEBUG:main:[300]	valid_0's multi_logloss: 0.295058
DEBUG:main:[330]	valid_0's multi_logloss: 0.292501
DEBUG:main:[360]	valid_0's multi_logloss: 0.290841
DEBUG:main:[390]	valid_0's multi_logloss: 0.289335
DEBUG:main:[420]	valid_0's multi_logloss: 0.287735
DEBUG:main:[450]	valid_0's multi_logloss: 0.286299
DEBUG:main:[480]	valid_0's multi_logloss: 0.285147
DEBUG:main:[510]	valid_0's multi_logloss: 0.284123
DEBUG:main:[540]	valid_0's multi_logloss: 0.282716
DEBUG:main:[570]	valid_0's multi_logloss: 0.281723
DEBUG:main:[600]	valid_0's multi_logloss: 0.280622
DEBUG:main:[630]	valid_0's multi_logloss: 0.279479
DEBUG:main:[660]	valid_0's multi_logloss: 0.278391
DEBUG:main:[690]	valid_0's multi_logloss: 0.277606
DEBUG:main:[720]	valid_0's multi_logloss: 0.276668
DEBUG:main:[750]	valid_0's multi_logloss: 0.275824
DEBUG:main:[780]	valid_0's multi_logloss: 0.27533
DEBUG:main:[810]	valid_0's multi_logloss: 0.274687
DEBUG:main:[840]	valid_0's multi_logloss: 0.273989
DEBUG:main:[870]	valid_0's multi_logloss: 0.273267
DEBUG:main:[900]	valid_0's multi_logloss: 0.272517
DEBUG:main:[930]	valid_0's multi_logloss: 0.271854
DEBUG:main:[960]	valid_0's multi_logloss: 0.271404
DEBUG:main:[990]	valid_0's multi_logloss: 0.270863
DEBUG:main:[1020]	valid_0's multi_logloss: 0.270458
DEBUG:main:[1050]	valid_0's multi_logloss: 0.270031
DEBUG:main:[1080]	valid_0's multi_logloss: 0.269586
DEBUG:main:[1110]	valid_0's multi_logloss: 0.269265
DEBUG:main:[1140]	valid_0's multi_logloss: 0.268842
DEBUG:main:[1170]	valid_0's multi_logloss: 0.268455
DEBUG:main:[1200]	valid_0's multi_logloss: 0.268173
DEBUG:main:[1230]	valid_0's multi_logloss: 0.267806
DEBUG:main:[1260]	valid_0's multi_logloss: 0.267307
DEBUG:main:[1290]	valid_0's multi_logloss: 0.266988
DEBUG:main:[1320]	valid_0's multi_logloss: 0.266602
DEBUG:main:[1350]	valid_0's multi_logloss: 0.266184
DEBUG:main:[1380]	valid_0's multi_logloss: 0.26594
DEBUG:main:[1410]	valid_0's multi_logloss: 0.265649
DEBUG:main:[1440]	valid_0's multi_logloss: 0.26542
DEBUG:main:[1470]	valid_0's multi_logloss: 0.265248
DEBUG:main:[1500]	valid_0's multi_logloss: 0.265089
DEBUG:main:[1530]	valid_0's multi_logloss: 0.264874
DEBUG:main:[1560]	valid_0's multi_logloss: 0.264655
DEBUG:main:[1590]	valid_0's multi_logloss: 0.264376
DEBUG:main:[1620]	valid_0's multi_logloss: 0.264097
DEBUG:main:[1650]	valid_0's multi_logloss: 0.263958
DEBUG:main:[1680]	valid_0's multi_logloss: 0.263748
DEBUG:main:[1710]	valid_0's multi_logloss: 0.2636
DEBUG:main:[1740]	valid_0's multi_logloss: 0.263376
DEBUG:main:[1770]	valid_0's multi_logloss: 0.263139
DEBUG:main:[1800]	valid_0's multi_logloss: 0.262936
DEBUG:main:[1830]	valid_0's multi_logloss: 0.262705
DEBUG:main:[1860]	valid_0's multi_logloss: 0.262515
DEBUG:main:[1890]	valid_0's multi_logloss: 0.262258
DEBUG:main:[1920]	valid_0's multi_logloss: 0.262035
DEBUG:main:[1950]	valid_0's multi_logloss: 0.261866
DEBUG:main:[1980]	valid_0's multi_logloss: 0.26168
DEBUG:main:[2010]	valid_0's multi_logloss: 0.261468
DEBUG:main:[2040]	valid_0's multi_logloss: 0.261175
DEBUG:main:[2070]	valid_0's multi_logloss: 0.261037
DEBUG:main:[2100]	valid_0's multi_logloss: 0.260833
DEBUG:main:[2130]	valid_0's multi_logloss: 0.260719
DEBUG:main:[2160]	valid_0's multi_logloss: 0.260591
DEBUG:main:[2190]	valid_0's multi_logloss: 0.260404
DEBUG:main:[2220]	valid_0's multi_logloss: 0.260252
DEBUG:main:[2250]	valid_0's multi_logloss: 0.260139
DEBUG:main:[2280]	valid_0's multi_logloss: 0.260002
DEBUG:root:2297
DEBUG:root:0.25989620824756704
DEBUG:root:===CV scores===
DEBUG:root:[0.26048897878422433, 0.2646436848922826, 0.25989620824756704]
DEBUG:root:0.26167629064135806
